2018-02-20 08:57:32,454  INFO [main] Class:31 - =========== Starting verifyLoginWithInvalidCredentials=======
 2018-02-20 08:57:35,807  INFO [main] Class:38 -  Clicked on Sign in[[ChromeDriver: chrome on XP (9916d57b9279c5d15a3c022dd4de387b)] -> xpath: //A[@class='login']]
 2018-02-20 08:57:36,142  INFO [main] Class:40 -  Entered the email addresssmanickarajanskf@gmail.com object is [[ChromeDriver: chrome on XP (9916d57b9279c5d15a3c022dd4de387b)] -> xpath: //INPUT[@id='email']]
 2018-02-20 08:57:36,358  INFO [main] Class:42 -  Entered the email addresssubrajsub object is [[ChromeDriver: chrome on XP (9916d57b9279c5d15a3c022dd4de387b)] -> xpath: //INPUT[@id='passwd']]
 2018-02-20 08:57:38,598  INFO [main] Class:44 -  Clicked on submit button
 2018-02-20 08:57:40,599  INFO [main] Class:46 -  waited for 2 seconds
 2018-02-20 08:57:43,969  INFO [main] Class:64 -  Clicked on signout button  
 2018-02-20 08:57:45,971  INFO [main] Class:66 -  waited for 2 seconds
 2018-02-20 08:57:45,971  INFO [main] Class:42 - =========== Ending verifyLoginWithvalidCredentials=======
 2018-02-20 08:57:45,980  INFO [main] Class:31 - =========== Starting verifyLoginWithInvalidCredentials=======
 2018-02-20 08:57:48,768  INFO [main] Class:38 -  Clicked on Sign in[[ChromeDriver: chrome on XP (9916d57b9279c5d15a3c022dd4de387b)] -> xpath: //A[@class='login']]
 2018-02-20 08:57:49,092  INFO [main] Class:40 -  Entered the email addresssmanickarajanskf@gmail.com object is [[ChromeDriver: chrome on XP (9916d57b9279c5d15a3c022dd4de387b)] -> xpath: //INPUT[@id='email']]
 2018-02-20 08:57:49,261  INFO [main] Class:42 -  Entered the email addresssubrajsub object is [[ChromeDriver: chrome on XP (9916d57b9279c5d15a3c022dd4de387b)] -> xpath: //INPUT[@id='passwd']]
 2018-02-20 08:57:51,628  INFO [main] Class:44 -  Clicked on submit button
 2018-02-20 08:57:53,628  INFO [main] Class:46 -  waited for 2 seconds
 2018-02-20 08:57:58,328  INFO [main] Class:64 -  Clicked on signout button  
 2018-02-20 08:58:00,333  INFO [main] Class:66 -  waited for 2 seconds
 2018-02-20 08:58:00,333  INFO [main] Class:42 - =========== Ending verifyLoginWithvalidCredentials=======
 2018-02-20 08:58:00,353  INFO [main] Class:31 - =========== Starting verifyLoginWithInvalidCredentials=======
 2018-02-20 08:58:03,148  INFO [main] Class:38 -  Clicked on Sign in[[ChromeDriver: chrome on XP (9916d57b9279c5d15a3c022dd4de387b)] -> xpath: //A[@class='login']]
 2018-02-20 08:58:03,458  INFO [main] Class:40 -  Entered the email addresssmanickarajanskf@gmail.com object is [[ChromeDriver: chrome on XP (9916d57b9279c5d15a3c022dd4de387b)] -> xpath: //INPUT[@id='email']]
 2018-02-20 08:58:03,696  INFO [main] Class:42 -  Entered the email addresssubrajsub object is [[ChromeDriver: chrome on XP (9916d57b9279c5d15a3c022dd4de387b)] -> xpath: //INPUT[@id='passwd']]
 2018-02-20 08:58:05,748  INFO [main] Class:44 -  Clicked on submit button
 2018-02-20 08:58:07,748  INFO [main] Class:46 -  waited for 2 seconds
 2018-02-20 08:58:10,860  INFO [main] Class:64 -  Clicked on signout button  
 2018-02-20 08:58:12,860  INFO [main] Class:66 -  waited for 2 seconds
 2018-02-20 08:58:12,860  INFO [main] Class:42 - =========== Ending verifyLoginWithvalidCredentials=======
 2018-02-20 08:58:12,869  INFO [main] Class:31 - =========== Starting verifyLoginWithInvalidCredentials=======
 2018-02-20 08:58:15,711  INFO [main] Class:38 -  Clicked on Sign in[[ChromeDriver: chrome on XP (9916d57b9279c5d15a3c022dd4de387b)] -> xpath: //A[@class='login']]
 2018-02-20 08:58:15,982  INFO [main] Class:40 -  Entered the email addresssmanickarajanskf@gmail.com object is [[ChromeDriver: chrome on XP (9916d57b9279c5d15a3c022dd4de387b)] -> xpath: //INPUT[@id='email']]
 2018-02-20 08:58:16,155  INFO [main] Class:42 -  Entered the email addresssubrajsub object is [[ChromeDriver: chrome on XP (9916d57b9279c5d15a3c022dd4de387b)] -> xpath: //INPUT[@id='passwd']]
 2018-02-20 08:58:18,781  INFO [main] Class:44 -  Clicked on submit button
 2018-02-20 08:58:20,783  INFO [main] Class:46 -  waited for 2 seconds
 2018-02-20 08:58:24,895  INFO [main] Class:64 -  Clicked on signout button  
 2018-02-20 08:58:26,896  INFO [main] Class:66 -  waited for 2 seconds
 2018-02-20 08:58:26,896  INFO [main] Class:42 - =========== Ending verifyLoginWithvalidCredentials=======
 2018-02-20 08:58:26,903  INFO [main] Class:31 - =========== Starting verifyLoginWithInvalidCredentials=======
 2018-02-20 08:58:29,706  INFO [main] Class:38 -  Clicked on Sign in[[ChromeDriver: chrome on XP (9916d57b9279c5d15a3c022dd4de387b)] -> xpath: //A[@class='login']]
 2018-02-20 08:58:29,946  INFO [main] Class:40 -  Entered the email addresssmanickarajanskf@gmail.com object is [[ChromeDriver: chrome on XP (9916d57b9279c5d15a3c022dd4de387b)] -> xpath: //INPUT[@id='email']]
 2018-02-20 08:58:30,130  INFO [main] Class:42 -  Entered the email addresssubrajsub object is [[ChromeDriver: chrome on XP (9916d57b9279c5d15a3c022dd4de387b)] -> xpath: //INPUT[@id='passwd']]
 2018-02-20 08:58:32,216  INFO [main] Class:44 -  Clicked on submit button
 2018-02-20 08:58:34,218  INFO [main] Class:46 -  waited for 2 seconds
 2018-02-20 08:58:39,293  INFO [main] Class:64 -  Clicked on signout button  
 2018-02-20 08:58:41,294  INFO [main] Class:66 -  waited for 2 seconds
 2018-02-20 08:58:41,294  INFO [main] Class:42 - =========== Ending verifyLoginWithvalidCredentials=======
 2018-02-20 09:36:08,375  INFO [main] Class:31 - =========== Starting verifyLoginWithInvalidCredentials=======
 2018-02-20 09:36:13,780  INFO [main] Class:38 -  Clicked on Sign in[[ChromeDriver: chrome on XP (47ba51fb39e2b503abd3c909b76e21ab)] -> xpath: //A[@class='login']]
 2018-02-20 09:36:15,058  INFO [main] Class:40 -  Entered the email addresssmanickarajanskf@gmail.com object is [[ChromeDriver: chrome on XP (47ba51fb39e2b503abd3c909b76e21ab)] -> xpath: //INPUT[@id='email']]
 2018-02-20 09:36:15,458  INFO [main] Class:42 -  Entered the email addresssubrajsub object is [[ChromeDriver: chrome on XP (47ba51fb39e2b503abd3c909b76e21ab)] -> xpath: //INPUT[@id='passwd']]
 2018-02-20 09:36:17,803  INFO [main] Class:44 -  Clicked on submit button
 2018-02-20 09:36:19,804  INFO [main] Class:46 -  waited for 2 seconds
 2018-02-20 09:36:27,069  INFO [main] Class:64 -  Clicked on signout button  
 2018-02-20 09:36:29,070  INFO [main] Class:66 -  waited for 2 seconds
 2018-02-20 09:36:29,070  INFO [main] Class:43 - =========== Ending verifyLoginWithvalidCredentials=======
 2018-02-20 09:36:29,420  INFO [main] Class:31 - =========== Starting verifyLoginWithInvalidCredentials=======
 2018-02-20 09:36:32,141  INFO [main] Class:38 -  Clicked on Sign in[[ChromeDriver: chrome on XP (47ba51fb39e2b503abd3c909b76e21ab)] -> xpath: //A[@class='login']]
 2018-02-20 09:36:33,722  INFO [main] Class:40 -  Entered the email addresssmanickarajanskf@gmail.com object is [[ChromeDriver: chrome on XP (47ba51fb39e2b503abd3c909b76e21ab)] -> xpath: //INPUT[@id='email']]
 2018-02-20 09:36:34,116  INFO [main] Class:42 -  Entered the email addresssubrajsub object is [[ChromeDriver: chrome on XP (47ba51fb39e2b503abd3c909b76e21ab)] -> xpath: //INPUT[@id='passwd']]
 2018-02-20 09:36:37,055  INFO [main] Class:44 -  Clicked on submit button
 2018-02-20 09:36:39,056  INFO [main] Class:46 -  waited for 2 seconds
 2018-02-20 09:36:42,952  INFO [main] Class:64 -  Clicked on signout button  
 2018-02-20 09:36:44,957  INFO [main] Class:66 -  waited for 2 seconds
 2018-02-20 09:36:44,959  INFO [main] Class:43 - =========== Ending verifyLoginWithvalidCredentials=======
 2018-02-20 09:36:44,963  INFO [main] Class:31 - =========== Starting verifyLoginWithInvalidCredentials=======
 2018-02-20 09:36:47,836  INFO [main] Class:38 -  Clicked on Sign in[[ChromeDriver: chrome on XP (47ba51fb39e2b503abd3c909b76e21ab)] -> xpath: //A[@class='login']]
 2018-02-20 09:36:48,418  INFO [main] Class:40 -  Entered the email addresssmanickarajanskf@gmail.com object is [[ChromeDriver: chrome on XP (47ba51fb39e2b503abd3c909b76e21ab)] -> xpath: //INPUT[@id='email']]
 2018-02-20 09:36:48,783  INFO [main] Class:42 -  Entered the email addresssubrajsub object is [[ChromeDriver: chrome on XP (47ba51fb39e2b503abd3c909b76e21ab)] -> xpath: //INPUT[@id='passwd']]
 2018-02-20 09:36:51,352  INFO [main] Class:44 -  Clicked on submit button
 2018-02-20 09:36:53,355  INFO [main] Class:46 -  waited for 2 seconds
 2018-02-20 09:36:57,321  INFO [main] Class:64 -  Clicked on signout button  
 2018-02-20 09:36:59,322  INFO [main] Class:66 -  waited for 2 seconds
 2018-02-20 09:36:59,322  INFO [main] Class:43 - =========== Ending verifyLoginWithvalidCredentials=======
 2018-02-20 09:36:59,327  INFO [main] Class:31 - =========== Starting verifyLoginWithInvalidCredentials=======
 2018-02-20 09:37:01,878  INFO [main] Class:38 -  Clicked on Sign in[[ChromeDriver: chrome on XP (47ba51fb39e2b503abd3c909b76e21ab)] -> xpath: //A[@class='login']]
 2018-02-20 09:37:02,220  INFO [main] Class:40 -  Entered the email addresssmanickarajanskf@gmail.com object is [[ChromeDriver: chrome on XP (47ba51fb39e2b503abd3c909b76e21ab)] -> xpath: //INPUT[@id='email']]
 2018-02-20 09:37:02,622  INFO [main] Class:42 -  Entered the email addresssubrajsub object is [[ChromeDriver: chrome on XP (47ba51fb39e2b503abd3c909b76e21ab)] -> xpath: //INPUT[@id='passwd']]
 2018-02-20 09:37:04,681  INFO [main] Class:44 -  Clicked on submit button
 2018-02-20 09:37:06,683  INFO [main] Class:46 -  waited for 2 seconds
 2018-02-20 09:37:10,492  INFO [main] Class:64 -  Clicked on signout button  
 2018-02-20 09:37:12,496  INFO [main] Class:66 -  waited for 2 seconds
 2018-02-20 09:37:12,497  INFO [main] Class:43 - =========== Ending verifyLoginWithvalidCredentials=======
 2018-02-20 09:37:12,505  INFO [main] Class:31 - =========== Starting verifyLoginWithInvalidCredentials=======
 2018-02-20 09:37:15,618  INFO [main] Class:38 -  Clicked on Sign in[[ChromeDriver: chrome on XP (47ba51fb39e2b503abd3c909b76e21ab)] -> xpath: //A[@class='login']]
 2018-02-20 09:37:16,031  INFO [main] Class:40 -  Entered the email addresssmanickarajanskf@gmail.com object is [[ChromeDriver: chrome on XP (47ba51fb39e2b503abd3c909b76e21ab)] -> xpath: //INPUT[@id='email']]
 2018-02-20 09:37:16,339  INFO [main] Class:42 -  Entered the email addresssubrajsub object is [[ChromeDriver: chrome on XP (47ba51fb39e2b503abd3c909b76e21ab)] -> xpath: //INPUT[@id='passwd']]
 2018-02-20 09:37:18,582  INFO [main] Class:44 -  Clicked on submit button
 2018-02-20 09:37:20,583  INFO [main] Class:46 -  waited for 2 seconds
 2018-02-20 09:37:24,302  INFO [main] Class:64 -  Clicked on signout button  
 2018-02-20 09:37:26,303  INFO [main] Class:66 -  waited for 2 seconds
 2018-02-20 09:37:26,303  INFO [main] Class:43 - =========== Ending verifyLoginWithvalidCredentials=======
 2018-02-20 09:50:23,217  INFO [main] Class:31 - =========== Starting verifyLoginWithInvalidCredentials=======
 2018-02-20 09:50:29,029  INFO [main] Class:38 -  Clicked on Sign in[[ChromeDriver: chrome on XP (91570f015048000d009deff31817e44d)] -> xpath: //A[@class='login']]
 2018-02-20 09:50:30,425  INFO [main] Class:40 -  Entered the email addresssmanickarajanskf@gmail.com object is [[ChromeDriver: chrome on XP (91570f015048000d009deff31817e44d)] -> xpath: //INPUT[@id='email']]
 2018-02-20 09:50:31,004  INFO [main] Class:42 -  Entered the email addresssubrajsub object is [[ChromeDriver: chrome on XP (91570f015048000d009deff31817e44d)] -> xpath: //INPUT[@id='passwd']]
 2018-02-20 09:50:33,992  INFO [main] Class:44 -  Clicked on submit button
 2018-02-20 09:50:35,994  INFO [main] Class:46 -  waited for 2 seconds
 2018-02-20 09:50:41,613  INFO [main] Class:64 -  Clicked on signout button  
 2018-02-20 09:50:43,614  INFO [main] Class:66 -  waited for 2 seconds
 2018-02-20 09:50:43,616  INFO [main] Class:43 - =========== Ending verifyLoginWithvalidCredentials=======
 2018-02-20 09:50:43,624  INFO [main] Class:31 - =========== Starting verifyLoginWithInvalidCredentials=======
 2018-02-20 09:50:51,960  INFO [main] Class:38 -  Clicked on Sign in[[ChromeDriver: chrome on XP (91570f015048000d009deff31817e44d)] -> xpath: //A[@class='login']]
 2018-02-20 09:50:52,707  INFO [main] Class:40 -  Entered the email addresssmanickarajanskf@gmail.com object is [[ChromeDriver: chrome on XP (91570f015048000d009deff31817e44d)] -> xpath: //INPUT[@id='email']]
 2018-02-20 09:50:53,232  INFO [main] Class:42 -  Entered the email addresssubrajsub object is [[ChromeDriver: chrome on XP (91570f015048000d009deff31817e44d)] -> xpath: //INPUT[@id='passwd']]
 2018-02-20 09:54:22,850  INFO [main] Class:31 - =========== Starting verifyLoginWithInvalidCredentials=======
 2018-02-20 09:54:27,531  INFO [main] Class:38 -  Clicked on Sign in[[ChromeDriver: chrome on XP (74716e36d91f1be1ff31d85cdd29b42d)] -> xpath: //A[@class='login']]
 2018-02-20 09:54:28,287  INFO [main] Class:40 -  Entered the email addresssmanickarajanskf@gmail.com object is [[ChromeDriver: chrome on XP (74716e36d91f1be1ff31d85cdd29b42d)] -> xpath: //INPUT[@id='email']]
 2018-02-20 09:54:28,836  INFO [main] Class:42 -  Entered the email addresssubrajsub object is [[ChromeDriver: chrome on XP (74716e36d91f1be1ff31d85cdd29b42d)] -> xpath: //INPUT[@id='passwd']]
 2018-02-20 09:54:31,819  INFO [main] Class:44 -  Clicked on submit button
 2018-02-20 09:54:33,820  INFO [main] Class:46 -  waited for 2 seconds
 2018-02-20 09:54:38,363  INFO [main] Class:64 -  Clicked on signout button  
 2018-02-20 09:54:40,364  INFO [main] Class:66 -  waited for 2 seconds
 2018-02-20 09:54:40,365  INFO [main] Class:43 - =========== Ending verifyLoginWithvalidCredentials=======
 2018-02-20 09:54:40,381  INFO [main] Class:31 - =========== Starting verifyLoginWithInvalidCredentials=======
 2018-02-20 09:54:43,453  INFO [main] Class:38 -  Clicked on Sign in[[ChromeDriver: chrome on XP (74716e36d91f1be1ff31d85cdd29b42d)] -> xpath: //A[@class='login']]
 2018-02-20 09:54:44,780  INFO [main] Class:40 -  Entered the email addresssmanickarajanskf@gmail.com object is [[ChromeDriver: chrome on XP (74716e36d91f1be1ff31d85cdd29b42d)] -> xpath: //INPUT[@id='email']]
 2018-02-20 09:54:45,402  INFO [main] Class:42 -  Entered the email addresssubrajsub object is [[ChromeDriver: chrome on XP (74716e36d91f1be1ff31d85cdd29b42d)] -> xpath: //INPUT[@id='passwd']]
 2018-02-20 09:54:48,777  INFO [main] Class:44 -  Clicked on submit button
 2018-02-20 09:54:50,790  INFO [main] Class:46 -  waited for 2 seconds
 2018-02-20 09:54:55,376  INFO [main] Class:64 -  Clicked on signout button  
 2018-02-20 09:54:57,385  INFO [main] Class:66 -  waited for 2 seconds
 2018-02-20 09:54:57,385  INFO [main] Class:43 - =========== Ending verifyLoginWithvalidCredentials=======
 2018-02-20 09:54:57,411  INFO [main] Class:31 - =========== Starting verifyLoginWithInvalidCredentials=======
 2018-02-20 09:55:00,330  INFO [main] Class:38 -  Clicked on Sign in[[ChromeDriver: chrome on XP (74716e36d91f1be1ff31d85cdd29b42d)] -> xpath: //A[@class='login']]
 2018-02-20 09:55:01,063  INFO [main] Class:40 -  Entered the email addresssmanickarajanskf@gmail.com object is [[ChromeDriver: chrome on XP (74716e36d91f1be1ff31d85cdd29b42d)] -> xpath: //INPUT[@id='email']]
 2018-02-20 09:55:01,665  INFO [main] Class:42 -  Entered the email addresssubrajsub object is [[ChromeDriver: chrome on XP (74716e36d91f1be1ff31d85cdd29b42d)] -> xpath: //INPUT[@id='passwd']]
 2018-02-20 09:55:04,681  INFO [main] Class:44 -  Clicked on submit button
 2018-02-20 09:55:06,682  INFO [main] Class:46 -  waited for 2 seconds
 2018-02-20 09:55:10,723  INFO [main] Class:64 -  Clicked on signout button  
 2018-02-20 09:55:12,723  INFO [main] Class:66 -  waited for 2 seconds
 2018-02-20 09:55:12,723  INFO [main] Class:43 - =========== Ending verifyLoginWithvalidCredentials=======
 2018-02-20 09:55:12,732  INFO [main] Class:31 - =========== Starting verifyLoginWithInvalidCredentials=======
 2018-02-20 09:55:16,115  INFO [main] Class:38 -  Clicked on Sign in[[ChromeDriver: chrome on XP (74716e36d91f1be1ff31d85cdd29b42d)] -> xpath: //A[@class='login']]
 2018-02-20 09:55:16,919  INFO [main] Class:40 -  Entered the email addresssmanickarajanskf@gmail.com object is [[ChromeDriver: chrome on XP (74716e36d91f1be1ff31d85cdd29b42d)] -> xpath: //INPUT[@id='email']]
 2018-02-20 09:55:17,504  INFO [main] Class:42 -  Entered the email addresssubrajsub object is [[ChromeDriver: chrome on XP (74716e36d91f1be1ff31d85cdd29b42d)] -> xpath: //INPUT[@id='passwd']]
 2018-02-20 09:55:20,597  INFO [main] Class:44 -  Clicked on submit button
 2018-02-20 09:55:22,598  INFO [main] Class:46 -  waited for 2 seconds
 2018-02-20 09:55:30,476  INFO [main] Class:64 -  Clicked on signout button  
 2018-02-20 09:55:32,477  INFO [main] Class:66 -  waited for 2 seconds
 2018-02-20 09:55:32,477  INFO [main] Class:43 - =========== Ending verifyLoginWithvalidCredentials=======
 2018-02-20 09:55:32,485  INFO [main] Class:31 - =========== Starting verifyLoginWithInvalidCredentials=======
 2018-02-20 09:55:35,723  INFO [main] Class:38 -  Clicked on Sign in[[ChromeDriver: chrome on XP (74716e36d91f1be1ff31d85cdd29b42d)] -> xpath: //A[@class='login']]
 2018-02-20 09:55:36,595  INFO [main] Class:40 -  Entered the email addresssmanickarajanskf@gmail.com object is [[ChromeDriver: chrome on XP (74716e36d91f1be1ff31d85cdd29b42d)] -> xpath: //INPUT[@id='email']]
 2018-02-20 09:55:37,221  INFO [main] Class:42 -  Entered the email addresssubrajsub object is [[ChromeDriver: chrome on XP (74716e36d91f1be1ff31d85cdd29b42d)] -> xpath: //INPUT[@id='passwd']]
 2018-02-20 09:55:40,441  INFO [main] Class:44 -  Clicked on submit button
 2018-02-20 09:55:42,442  INFO [main] Class:46 -  waited for 2 seconds
 2018-02-20 09:55:46,825  INFO [main] Class:64 -  Clicked on signout button  
 2018-02-20 09:55:48,832  INFO [main] Class:66 -  waited for 2 seconds
 2018-02-20 09:55:48,832  INFO [main] Class:43 - =========== Ending verifyLoginWithvalidCredentials=======
 2018-02-20 10:09:26,554  INFO [main] Class:31 - =========== Starting verifyLoginWithInvalidCredentials=======
 2018-02-20 10:09:30,641  INFO [main] Class:38 -  Clicked on Sign in[[ChromeDriver: chrome on XP (16314c521a1efc18eb4d88cf4f3a4551)] -> xpath: //A[@class='login']]
 2018-02-20 10:09:30,989  INFO [main] Class:40 -  Entered the email addresssmanickarajanskf@gmail.com object is [[ChromeDriver: chrome on XP (16314c521a1efc18eb4d88cf4f3a4551)] -> xpath: //INPUT[@id='email']]
 2018-02-20 10:09:31,207  INFO [main] Class:42 -  Entered the email addresssubrajsub object is [[ChromeDriver: chrome on XP (16314c521a1efc18eb4d88cf4f3a4551)] -> xpath: //INPUT[@id='passwd']]
 2018-02-20 10:09:33,417  INFO [main] Class:44 -  Clicked on submit button
 2018-02-20 10:09:35,417  INFO [main] Class:46 -  waited for 2 seconds
 2018-02-20 10:09:40,172  INFO [main] Class:64 -  Clicked on signout button  
 2018-02-20 10:09:42,173  INFO [main] Class:66 -  waited for 2 seconds
 2018-02-20 10:09:42,173  INFO [main] Class:43 - =========== Ending verifyLoginWithvalidCredentials=======
 2018-02-20 10:09:42,182  INFO [main] Class:31 - =========== Starting verifyLoginWithInvalidCredentials=======
 2018-02-20 10:09:44,879  INFO [main] Class:38 -  Clicked on Sign in[[ChromeDriver: chrome on XP (16314c521a1efc18eb4d88cf4f3a4551)] -> xpath: //A[@class='login']]
 2018-02-20 10:09:45,082  INFO [main] Class:40 -  Entered the email addressabc5@gmail.com object is [[ChromeDriver: chrome on XP (16314c521a1efc18eb4d88cf4f3a4551)] -> xpath: //INPUT[@id='email']]
 2018-02-20 10:09:45,259  INFO [main] Class:42 -  Entered the email addresswelcome object is [[ChromeDriver: chrome on XP (16314c521a1efc18eb4d88cf4f3a4551)] -> xpath: //INPUT[@id='passwd']]
 2018-02-20 10:09:47,712  INFO [main] Class:44 -  Clicked on submit button
 2018-02-20 10:09:49,712  INFO [main] Class:46 -  waited for 2 seconds
 2018-02-20 10:09:53,257  INFO [main] Class:64 -  Clicked on signout button  
 2018-02-20 10:09:55,261  INFO [main] Class:66 -  waited for 2 seconds
 2018-02-20 10:09:55,261  INFO [main] Class:43 - =========== Ending verifyLoginWithvalidCredentials=======
 2018-02-20 10:09:55,267  INFO [main] Class:31 - =========== Starting verifyLoginWithInvalidCredentials=======
 2018-02-20 10:09:57,999  INFO [main] Class:38 -  Clicked on Sign in[[ChromeDriver: chrome on XP (16314c521a1efc18eb4d88cf4f3a4551)] -> xpath: //A[@class='login']]
 2018-02-20 10:09:58,319  INFO [main] Class:40 -  Entered the email addressdef6@gmail.com object is [[ChromeDriver: chrome on XP (16314c521a1efc18eb4d88cf4f3a4551)] -> xpath: //INPUT[@id='email']]
 2018-02-20 10:09:58,520  INFO [main] Class:42 -  Entered the email addresswelcome1 object is [[ChromeDriver: chrome on XP (16314c521a1efc18eb4d88cf4f3a4551)] -> xpath: //INPUT[@id='passwd']]
 2018-02-20 10:10:00,857  INFO [main] Class:44 -  Clicked on submit button
 2018-02-20 10:10:02,858  INFO [main] Class:46 -  waited for 2 seconds
 2018-02-20 10:10:06,283  INFO [main] Class:64 -  Clicked on signout button  
 2018-02-20 10:10:08,284  INFO [main] Class:66 -  waited for 2 seconds
 2018-02-20 10:10:08,284  INFO [main] Class:43 - =========== Ending verifyLoginWithvalidCredentials=======
 2018-02-20 10:10:08,296  INFO [main] Class:31 - =========== Starting verifyLoginWithInvalidCredentials=======
 2018-02-20 10:10:11,139  INFO [main] Class:38 -  Clicked on Sign in[[ChromeDriver: chrome on XP (16314c521a1efc18eb4d88cf4f3a4551)] -> xpath: //A[@class='login']]
 2018-02-20 10:10:11,316  INFO [main] Class:40 -  Entered the email addressxyz7@gmail.com object is [[ChromeDriver: chrome on XP (16314c521a1efc18eb4d88cf4f3a4551)] -> xpath: //INPUT[@id='email']]
 2018-02-20 10:10:11,506  INFO [main] Class:42 -  Entered the email addresswelcome2 object is [[ChromeDriver: chrome on XP (16314c521a1efc18eb4d88cf4f3a4551)] -> xpath: //INPUT[@id='passwd']]
 2018-02-20 10:10:16,877  INFO [main] Class:44 -  Clicked on submit button
 2018-02-20 10:10:18,879  INFO [main] Class:46 -  waited for 2 seconds
 2018-02-20 10:10:22,636  INFO [main] Class:64 -  Clicked on signout button  
 2018-02-20 10:10:24,637  INFO [main] Class:66 -  waited for 2 seconds
 2018-02-20 10:10:24,637  INFO [main] Class:43 - =========== Ending verifyLoginWithvalidCredentials=======
 2018-02-20 10:14:54,139  INFO [main] Class:35 - =========== Starting verifyLoginWithInvalidCredentials=======
 2018-02-20 10:14:58,026  INFO [main] Class:38 -  Clicked on Sign in[[ChromeDriver: chrome on XP (5b9eb83c9ecb9cd434af91ffe258b0a2)] -> xpath: //A[@class='login']]
 2018-02-20 10:14:58,283  INFO [main] Class:40 -  Entered the email addresssmanickarajanskf@gmail.com object is [[ChromeDriver: chrome on XP (5b9eb83c9ecb9cd434af91ffe258b0a2)] -> xpath: //INPUT[@id='email']]
 2018-02-20 10:14:58,508  INFO [main] Class:42 -  Entered the email addresssubrajsub object is [[ChromeDriver: chrome on XP (5b9eb83c9ecb9cd434af91ffe258b0a2)] -> xpath: //INPUT[@id='passwd']]
 2018-02-20 10:15:01,014  INFO [main] Class:44 -  Clicked on submit button
 2018-02-20 10:15:03,015  INFO [main] Class:46 -  waited for 2 seconds
 2018-02-20 10:15:07,354  INFO [main] Class:64 -  Clicked on signout button  
 2018-02-20 10:15:09,355  INFO [main] Class:66 -  waited for 2 seconds
 2018-02-20 10:15:09,355  INFO [main] Class:47 - =========== Ending verifyLoginWithvalidCredentials=======
 2018-02-20 10:15:09,365  INFO [main] Class:35 - =========== Starting verifyLoginWithInvalidCredentials=======
 2018-02-20 10:15:12,851  INFO [main] Class:38 -  Clicked on Sign in[[ChromeDriver: chrome on XP (5b9eb83c9ecb9cd434af91ffe258b0a2)] -> xpath: //A[@class='login']]
 2018-02-20 10:15:13,052  INFO [main] Class:40 -  Entered the email addressabc5@gmail.com object is [[ChromeDriver: chrome on XP (5b9eb83c9ecb9cd434af91ffe258b0a2)] -> xpath: //INPUT[@id='email']]
 2018-02-20 10:15:13,225  INFO [main] Class:42 -  Entered the email addresswelcome object is [[ChromeDriver: chrome on XP (5b9eb83c9ecb9cd434af91ffe258b0a2)] -> xpath: //INPUT[@id='passwd']]
 2018-02-20 10:15:15,368  INFO [main] Class:44 -  Clicked on submit button
 2018-02-20 10:15:17,370  INFO [main] Class:46 -  waited for 2 seconds
 2018-02-20 10:15:21,800  INFO [main] Class:64 -  Clicked on signout button  
 2018-02-20 10:15:23,803  INFO [main] Class:66 -  waited for 2 seconds
 2018-02-20 10:15:23,803  INFO [main] Class:47 - =========== Ending verifyLoginWithvalidCredentials=======
 2018-02-20 10:15:23,812  INFO [main] Class:35 - =========== Starting verifyLoginWithInvalidCredentials=======
 2018-02-20 10:15:26,881  INFO [main] Class:38 -  Clicked on Sign in[[ChromeDriver: chrome on XP (5b9eb83c9ecb9cd434af91ffe258b0a2)] -> xpath: //A[@class='login']]
 2018-02-20 10:15:27,059  INFO [main] Class:40 -  Entered the email addressdef6@gmail.com object is [[ChromeDriver: chrome on XP (5b9eb83c9ecb9cd434af91ffe258b0a2)] -> xpath: //INPUT[@id='email']]
 2018-02-20 10:15:27,251  INFO [main] Class:42 -  Entered the email addresswelcome1 object is [[ChromeDriver: chrome on XP (5b9eb83c9ecb9cd434af91ffe258b0a2)] -> xpath: //INPUT[@id='passwd']]
 2018-02-20 10:15:31,401  INFO [main] Class:44 -  Clicked on submit button
 2018-02-20 10:15:33,403  INFO [main] Class:46 -  waited for 2 seconds
 2018-02-20 10:15:37,777  INFO [main] Class:64 -  Clicked on signout button  
 2018-02-20 10:15:39,778  INFO [main] Class:66 -  waited for 2 seconds
 2018-02-20 10:15:39,779  INFO [main] Class:47 - =========== Ending verifyLoginWithvalidCredentials=======
 2018-02-20 10:19:03,285  INFO [main] Class:35 - =========== Starting verifyLoginWithInvalidCredentials=======
 2018-02-20 10:19:06,576  INFO [main] Class:38 -  Clicked on Sign in[[ChromeDriver: chrome on XP (cbed7585aa72fd27b7899fd3d9e38876)] -> xpath: //A[@class='login']]
 2018-02-20 10:19:06,821  INFO [main] Class:40 -  Entered the email addresssmanickarajanskf@gmail.com object is [[ChromeDriver: chrome on XP (cbed7585aa72fd27b7899fd3d9e38876)] -> xpath: //INPUT[@id='email']]
 2018-02-20 10:19:07,031  INFO [main] Class:42 -  Entered the email addresssubrajsub object is [[ChromeDriver: chrome on XP (cbed7585aa72fd27b7899fd3d9e38876)] -> xpath: //INPUT[@id='passwd']]
 2018-02-20 10:19:09,941  INFO [main] Class:44 -  Clicked on submit button
 2018-02-20 10:19:11,941  INFO [main] Class:46 -  waited for 2 seconds
 2018-02-20 10:19:19,492  INFO [main] Class:64 -  Clicked on signout button  
 2018-02-20 10:19:21,494  INFO [main] Class:66 -  waited for 2 seconds
 2018-02-20 10:19:21,494  INFO [main] Class:47 - =========== Ending verifyLoginWithvalidCredentials=======
 2018-02-20 10:19:21,500  INFO [main] Class:35 - =========== Starting verifyLoginWithInvalidCredentials=======
 2018-02-20 10:19:24,386  INFO [main] Class:38 -  Clicked on Sign in[[ChromeDriver: chrome on XP (cbed7585aa72fd27b7899fd3d9e38876)] -> xpath: //A[@class='login']]
 2018-02-20 10:19:24,588  INFO [main] Class:40 -  Entered the email addressabc5@gmail.com object is [[ChromeDriver: chrome on XP (cbed7585aa72fd27b7899fd3d9e38876)] -> xpath: //INPUT[@id='email']]
 2018-02-20 10:19:24,760  INFO [main] Class:42 -  Entered the email addresswelcome object is [[ChromeDriver: chrome on XP (cbed7585aa72fd27b7899fd3d9e38876)] -> xpath: //INPUT[@id='passwd']]
 2018-02-20 10:19:27,173  INFO [main] Class:44 -  Clicked on submit button
 2018-02-20 10:19:29,173  INFO [main] Class:46 -  waited for 2 seconds
 2018-02-20 10:19:33,337  INFO [main] Class:64 -  Clicked on signout button  
 2018-02-20 10:19:35,342  INFO [main] Class:66 -  waited for 2 seconds
 2018-02-20 10:19:35,342  INFO [main] Class:47 - =========== Ending verifyLoginWithvalidCredentials=======
 2018-02-20 10:21:19,821  INFO [main] Class:35 - =========== Starting verifyLoginWithInvalidCredentials=======
 2018-02-20 10:21:23,353  INFO [main] Class:38 -  Clicked on Sign in[[ChromeDriver: chrome on XP (53324dd3aab44f1724420259e23b80fc)] -> xpath: //A[@class='login']]
 2018-02-20 10:21:23,664  INFO [main] Class:40 -  Entered the email addresssmanickarajanskf@gmail.com object is [[ChromeDriver: chrome on XP (53324dd3aab44f1724420259e23b80fc)] -> xpath: //INPUT[@id='email']]
 2018-02-20 10:21:23,899  INFO [main] Class:42 -  Entered the email addresssubrajsub object is [[ChromeDriver: chrome on XP (53324dd3aab44f1724420259e23b80fc)] -> xpath: //INPUT[@id='passwd']]
 2018-02-20 10:21:26,450  INFO [main] Class:44 -  Clicked on submit button
 2018-02-20 10:21:28,451  INFO [main] Class:46 -  waited for 2 seconds
 2018-02-20 10:21:32,169  INFO [main] Class:64 -  Clicked on signout button  
 2018-02-20 10:21:34,170  INFO [main] Class:66 -  waited for 2 seconds
 2018-02-20 10:21:34,170  INFO [main] Class:47 - =========== Ending verifyLoginWithvalidCredentials=======
 2018-02-20 10:21:34,181  INFO [main] Class:35 - =========== Starting verifyLoginWithInvalidCredentials=======
 2018-02-20 10:21:36,980  INFO [main] Class:38 -  Clicked on Sign in[[ChromeDriver: chrome on XP (53324dd3aab44f1724420259e23b80fc)] -> xpath: //A[@class='login']]
 2018-02-20 10:21:37,165  INFO [main] Class:40 -  Entered the email addressabc5@gmail.com object is [[ChromeDriver: chrome on XP (53324dd3aab44f1724420259e23b80fc)] -> xpath: //INPUT[@id='email']]
 2018-02-20 10:21:37,358  INFO [main] Class:42 -  Entered the email addresswelcome object is [[ChromeDriver: chrome on XP (53324dd3aab44f1724420259e23b80fc)] -> xpath: //INPUT[@id='passwd']]
 2018-02-20 10:21:42,050  INFO [main] Class:44 -  Clicked on submit button
 2018-02-20 10:21:44,050  INFO [main] Class:46 -  waited for 2 seconds
 2018-02-20 10:21:47,799  INFO [main] Class:64 -  Clicked on signout button  
 2018-02-20 10:21:49,803  INFO [main] Class:66 -  waited for 2 seconds
 2018-02-20 10:21:49,803  INFO [main] Class:47 - =========== Ending verifyLoginWithvalidCredentials=======
 2018-02-20 10:21:49,838  INFO [main] Class:35 - =========== Starting verifyLoginWithInvalidCredentials=======
 2018-02-20 10:21:52,324  INFO [main] Class:38 -  Clicked on Sign in[[ChromeDriver: chrome on XP (53324dd3aab44f1724420259e23b80fc)] -> xpath: //A[@class='login']]
 2018-02-20 10:21:52,502  INFO [main] Class:40 -  Entered the email addressxyz7@gmail.com object is [[ChromeDriver: chrome on XP (53324dd3aab44f1724420259e23b80fc)] -> xpath: //INPUT[@id='email']]
 2018-02-20 10:21:52,688  INFO [main] Class:42 -  Entered the email addresswelcome2 object is [[ChromeDriver: chrome on XP (53324dd3aab44f1724420259e23b80fc)] -> xpath: //INPUT[@id='passwd']]
 2018-02-20 10:21:55,813  INFO [main] Class:44 -  Clicked on submit button
 2018-02-20 10:21:57,813  INFO [main] Class:46 -  waited for 2 seconds
 2018-02-20 10:22:01,966  INFO [main] Class:64 -  Clicked on signout button  
 2018-02-20 10:22:03,966  INFO [main] Class:66 -  waited for 2 seconds
 2018-02-20 10:22:03,966  INFO [main] Class:47 - =========== Ending verifyLoginWithvalidCredentials=======
 2018-02-21 07:49:04,038  INFO [main] Class:35 - =========== Starting verifyLoginWithInvalidCredentials=======
 2018-02-21 07:49:08,296  INFO [main] Class:38 -  Clicked on Sign in[[ChromeDriver: chrome on XP (fc059aef5d4ae6d8e478249a3cfb4b60)] -> xpath: //A[@class='login']]
 2018-02-21 07:49:09,127  INFO [main] Class:40 -  Entered the email addresssmanickarajanskf@gmail.com object is [[ChromeDriver: chrome on XP (fc059aef5d4ae6d8e478249a3cfb4b60)] -> xpath: //INPUT[@id='email']]
 2018-02-21 07:49:09,412  INFO [main] Class:42 -  Entered the email addresssubrajsub object is [[ChromeDriver: chrome on XP (fc059aef5d4ae6d8e478249a3cfb4b60)] -> xpath: //INPUT[@id='passwd']]
 2018-02-21 07:49:11,869  INFO [main] Class:44 -  Clicked on submit button
 2018-02-21 07:49:13,869  INFO [main] Class:46 -  waited for 2 seconds
 2018-02-21 07:49:18,647  INFO [main] Class:64 -  Clicked on signout button  
 2018-02-21 07:49:20,648  INFO [main] Class:66 -  waited for 2 seconds
 2018-02-21 07:49:20,648  INFO [main] Class:47 - =========== Ending verifyLoginWithvalidCredentials=======
 2018-02-21 07:49:20,655  INFO [main] Class:35 - =========== Starting verifyLoginWithInvalidCredentials=======
 2018-02-21 07:49:23,464  INFO [main] Class:38 -  Clicked on Sign in[[ChromeDriver: chrome on XP (fc059aef5d4ae6d8e478249a3cfb4b60)] -> xpath: //A[@class='login']]
 2018-02-21 07:49:25,316  INFO [main] Class:40 -  Entered the email addressabc5@gmail.com object is [[ChromeDriver: chrome on XP (fc059aef5d4ae6d8e478249a3cfb4b60)] -> xpath: //INPUT[@id='email']]
 2018-02-21 07:49:25,498  INFO [main] Class:42 -  Entered the email addresswelcome object is [[ChromeDriver: chrome on XP (fc059aef5d4ae6d8e478249a3cfb4b60)] -> xpath: //INPUT[@id='passwd']]
 2018-02-21 07:49:28,203  INFO [main] Class:44 -  Clicked on submit button
 2018-02-21 07:49:30,204  INFO [main] Class:46 -  waited for 2 seconds
 2018-02-21 07:49:34,337  INFO [main] Class:64 -  Clicked on signout button  
 2018-02-21 07:49:36,340  INFO [main] Class:66 -  waited for 2 seconds
 2018-02-21 07:49:36,341  INFO [main] Class:47 - =========== Ending verifyLoginWithvalidCredentials=======
 2018-02-21 07:49:36,347  INFO [main] Class:35 - =========== Starting verifyLoginWithInvalidCredentials=======
 2018-02-21 07:49:39,164  INFO [main] Class:38 -  Clicked on Sign in[[ChromeDriver: chrome on XP (fc059aef5d4ae6d8e478249a3cfb4b60)] -> xpath: //A[@class='login']]
 2018-02-21 07:49:39,541  INFO [main] Class:40 -  Entered the email addressxyz7@gmail.com object is [[ChromeDriver: chrome on XP (fc059aef5d4ae6d8e478249a3cfb4b60)] -> xpath: //INPUT[@id='email']]
 2018-02-21 07:49:39,840  INFO [main] Class:42 -  Entered the email addresswelcome2 object is [[ChromeDriver: chrome on XP (fc059aef5d4ae6d8e478249a3cfb4b60)] -> xpath: //INPUT[@id='passwd']]
 2018-02-21 07:49:42,027  INFO [main] Class:44 -  Clicked on submit button
 2018-02-21 07:49:44,028  INFO [main] Class:46 -  waited for 2 seconds
 2018-02-21 07:49:47,419  INFO [main] Class:64 -  Clicked on signout button  
 2018-02-21 07:49:49,419  INFO [main] Class:66 -  waited for 2 seconds
 2018-02-21 07:49:49,419  INFO [main] Class:47 - =========== Ending verifyLoginWithvalidCredentials=======
 2018-02-21 08:28:51,420  INFO [main] Class:35 - =========== Starting verifyLoginWithInvalidCredentials=======
 2018-02-21 08:28:55,766  INFO [main] Class:38 -  Clicked on Sign in[[ChromeDriver: chrome on XP (3417c631ebbe21057f450543420ddc12)] -> xpath: //A[@class='login']]
 2018-02-21 08:28:56,357  INFO [main] Class:40 -  Entered the email addresssmanickarajanskf@gmail.com object is [[ChromeDriver: chrome on XP (3417c631ebbe21057f450543420ddc12)] -> xpath: //INPUT[@id='email']]
 2018-02-21 08:28:56,597  INFO [main] Class:42 -  Entered the email addresssubrajsub object is [[ChromeDriver: chrome on XP (3417c631ebbe21057f450543420ddc12)] -> xpath: //INPUT[@id='passwd']]
 2018-02-21 08:28:59,212  INFO [main] Class:44 -  Clicked on submit button
 2018-02-21 08:29:01,212  INFO [main] Class:46 -  waited for 2 seconds
 2018-02-21 08:29:07,250  INFO [main] Class:64 -  Clicked on signout button  
 2018-02-21 08:29:09,251  INFO [main] Class:66 -  waited for 2 seconds
 2018-02-21 08:29:09,251  INFO [main] Class:47 - =========== Ending verifyLoginWithvalidCredentials=======
 2018-02-21 08:29:09,266  INFO [main] Class:35 - =========== Starting verifyLoginWithInvalidCredentials=======
 2018-02-21 08:29:12,664  INFO [main] Class:38 -  Clicked on Sign in[[ChromeDriver: chrome on XP (3417c631ebbe21057f450543420ddc12)] -> xpath: //A[@class='login']]
 2018-02-21 08:29:12,981  INFO [main] Class:40 -  Entered the email addressabc5@gmail.com object is [[ChromeDriver: chrome on XP (3417c631ebbe21057f450543420ddc12)] -> xpath: //INPUT[@id='email']]
 2018-02-21 08:29:13,208  INFO [main] Class:42 -  Entered the email addresswelcome object is [[ChromeDriver: chrome on XP (3417c631ebbe21057f450543420ddc12)] -> xpath: //INPUT[@id='passwd']]
 2018-02-21 08:29:15,606  INFO [main] Class:44 -  Clicked on submit button
 2018-02-21 08:29:17,607  INFO [main] Class:46 -  waited for 2 seconds
 2018-02-21 08:29:21,664  INFO [main] Class:64 -  Clicked on signout button  
 2018-02-21 08:29:23,669  INFO [main] Class:66 -  waited for 2 seconds
 2018-02-21 08:29:23,669  INFO [main] Class:47 - =========== Ending verifyLoginWithvalidCredentials=======
 2018-02-21 08:29:23,697  INFO [main] Class:35 - =========== Starting verifyLoginWithInvalidCredentials=======
 2018-02-21 08:29:27,090  INFO [main] Class:38 -  Clicked on Sign in[[ChromeDriver: chrome on XP (3417c631ebbe21057f450543420ddc12)] -> xpath: //A[@class='login']]
 2018-02-21 08:29:27,624  INFO [main] Class:40 -  Entered the email addressxyz7@gmail.com object is [[ChromeDriver: chrome on XP (3417c631ebbe21057f450543420ddc12)] -> xpath: //INPUT[@id='email']]
 2018-02-21 08:29:27,833  INFO [main] Class:42 -  Entered the email addresswelcome2 object is [[ChromeDriver: chrome on XP (3417c631ebbe21057f450543420ddc12)] -> xpath: //INPUT[@id='passwd']]
 2018-02-21 08:29:30,601  INFO [main] Class:44 -  Clicked on submit button
 2018-02-21 08:29:32,601  INFO [main] Class:46 -  waited for 2 seconds
 2018-02-21 08:29:37,647  INFO [main] Class:64 -  Clicked on signout button  
 2018-02-21 08:29:39,648  INFO [main] Class:66 -  waited for 2 seconds
 2018-02-21 08:29:39,648  INFO [main] Class:47 - =========== Ending verifyLoginWithvalidCredentials=======
 2018-02-21 08:39:20,848  INFO [main] Class:25 - =========== Starting verifyLoginWithInvalidCredentials=======
 2018-02-21 08:39:24,442  INFO [main] Class:38 -  Clicked on Sign in[[ChromeDriver: chrome on XP (b846b2a37ebac60ebd422cc70129c413)] -> xpath: //A[@class='login']]
 2018-02-21 08:39:24,699  INFO [main] Class:40 -  Entered the email addresstest1@gmail.com object is [[ChromeDriver: chrome on XP (b846b2a37ebac60ebd422cc70129c413)] -> xpath: //INPUT[@id='email']]
 2018-02-21 08:39:24,954  INFO [main] Class:42 -  Entered the email addresspassword object is [[ChromeDriver: chrome on XP (b846b2a37ebac60ebd422cc70129c413)] -> xpath: //INPUT[@id='passwd']]
 2018-02-21 08:39:27,014  INFO [main] Class:44 -  Clicked on submit button
 2018-02-21 08:39:29,014  INFO [main] Class:46 -  waited for 2 seconds
 2018-02-21 08:39:29,149  INFO [main] Class:49 -  error message is Authentication failed.
 2018-02-21 08:39:29,202  INFO [main] Class:30 - =========== Ending verifyLoginWithInvalidCredentials=======
 2018-02-21 08:49:00,381  INFO [main] Class:35 - =========== Starting verifyLoginWithInvalidCredentials=======
 2018-02-21 08:49:04,705  INFO [main] Class:38 -  Clicked on Sign in[[ChromeDriver: chrome on XP (c204220c90c84bf348e78f3487cfb401)] -> xpath: //A[@class='login']]
 2018-02-21 08:49:05,249  INFO [main] Class:40 -  Entered the email addresssmanickarajanskf@gmail.com object is [[ChromeDriver: chrome on XP (c204220c90c84bf348e78f3487cfb401)] -> xpath: //INPUT[@id='email']]
 2018-02-21 08:49:05,489  INFO [main] Class:42 -  Entered the email addresssubrajsub object is [[ChromeDriver: chrome on XP (c204220c90c84bf348e78f3487cfb401)] -> xpath: //INPUT[@id='passwd']]
 2018-02-21 08:49:07,435  INFO [main] Class:44 -  Clicked on submit button
 2018-02-21 08:49:09,436  INFO [main] Class:46 -  waited for 2 seconds
 2018-02-21 08:49:13,407  INFO [main] Class:64 -  Clicked on signout button  
 2018-02-21 08:49:15,408  INFO [main] Class:66 -  waited for 2 seconds
 2018-02-21 08:49:15,408  INFO [main] Class:47 - =========== Ending verifyLoginWithvalidCredentials=======
 2018-02-21 08:49:17,152  INFO [main] Class:35 - =========== Starting verifyLoginWithInvalidCredentials=======
 2018-02-21 08:49:20,842  INFO [main] Class:38 -  Clicked on Sign in[[ChromeDriver: chrome on XP (c204220c90c84bf348e78f3487cfb401)] -> xpath: //A[@class='login']]
 2018-02-21 08:49:21,243  INFO [main] Class:40 -  Entered the email addressabc5@gmail.com object is [[ChromeDriver: chrome on XP (c204220c90c84bf348e78f3487cfb401)] -> xpath: //INPUT[@id='email']]
 2018-02-21 08:49:21,464  INFO [main] Class:42 -  Entered the email addresswelcome object is [[ChromeDriver: chrome on XP (c204220c90c84bf348e78f3487cfb401)] -> xpath: //INPUT[@id='passwd']]
 2018-02-21 08:49:23,871  INFO [main] Class:44 -  Clicked on submit button
 2018-02-21 08:49:25,872  INFO [main] Class:46 -  waited for 2 seconds
 2018-02-21 08:49:29,331  INFO [main] Class:64 -  Clicked on signout button  
 2018-02-21 08:49:31,333  INFO [main] Class:66 -  waited for 2 seconds
 2018-02-21 08:49:31,333  INFO [main] Class:47 - =========== Ending verifyLoginWithvalidCredentials=======
 2018-02-21 08:49:31,809  INFO [main] Class:35 - =========== Starting verifyLoginWithInvalidCredentials=======
 2018-02-21 08:49:34,546  INFO [main] Class:38 -  Clicked on Sign in[[ChromeDriver: chrome on XP (c204220c90c84bf348e78f3487cfb401)] -> xpath: //A[@class='login']]
 2018-02-21 08:49:34,872  INFO [main] Class:40 -  Entered the email addressxyz7@gmail.com object is [[ChromeDriver: chrome on XP (c204220c90c84bf348e78f3487cfb401)] -> xpath: //INPUT[@id='email']]
 2018-02-21 08:49:35,051  INFO [main] Class:42 -  Entered the email addresswelcome2 object is [[ChromeDriver: chrome on XP (c204220c90c84bf348e78f3487cfb401)] -> xpath: //INPUT[@id='passwd']]
 2018-02-21 08:49:37,396  INFO [main] Class:44 -  Clicked on submit button
 2018-02-21 08:49:39,396  INFO [main] Class:46 -  waited for 2 seconds
 2018-02-21 08:49:42,723  INFO [main] Class:64 -  Clicked on signout button  
 2018-02-21 08:49:44,723  INFO [main] Class:66 -  waited for 2 seconds
 2018-02-21 08:49:44,723  INFO [main] Class:47 - =========== Ending verifyLoginWithvalidCredentials=======
 2018-02-21 08:52:51,899  INFO [main] Class:35 - =========== Starting verifyLoginWithInvalidCredentials=======
 2018-02-21 08:52:55,926  INFO [main] Class:38 -  Clicked on Sign in[[ChromeDriver: chrome on XP (f36a818c4d168784da76e62af0a8049e)] -> xpath: //A[@class='login']]
 2018-02-21 08:52:56,393  INFO [main] Class:40 -  Entered the email addresssmanickarajanskf@gmail.com object is [[ChromeDriver: chrome on XP (f36a818c4d168784da76e62af0a8049e)] -> xpath: //INPUT[@id='email']]
 2018-02-21 08:53:57,502  INFO [main] Class:35 - =========== Starting verifyLoginWithInvalidCredentials=======
 2018-02-21 08:54:00,547  INFO [main] Class:38 -  Clicked on Sign in[[ChromeDriver: chrome on XP (f36a818c4d168784da76e62af0a8049e)] -> xpath: //A[@class='login']]
 2018-02-21 08:54:00,908  INFO [main] Class:40 -  Entered the email addressabc5@gmail.com object is [[ChromeDriver: chrome on XP (f36a818c4d168784da76e62af0a8049e)] -> xpath: //INPUT[@id='email']]
 2018-02-21 08:55:01,478  INFO [main] Class:35 - =========== Starting verifyLoginWithInvalidCredentials=======
 2018-02-21 08:55:05,355  INFO [main] Class:38 -  Clicked on Sign in[[ChromeDriver: chrome on XP (f36a818c4d168784da76e62af0a8049e)] -> xpath: //A[@class='login']]
 2018-02-21 08:55:05,536  INFO [main] Class:40 -  Entered the email addressxyz7@gmail.com object is [[ChromeDriver: chrome on XP (f36a818c4d168784da76e62af0a8049e)] -> xpath: //INPUT[@id='email']]
 